Using pre-set license
Built from '2021.1/release' branch; Version is '2021.1.0b12 (5f97ac28ace0) revision 6264748'; Using compiler version '192528614'; Build Type 'Release'
OS: 'Windows 10 Home; OS build 19042.804; Version 2009; 64bit' Language: 'en' Physical Memory: 32676 MB
BatchMode: 1, IsHumanControllingUs: 0, StartBugReporterOnCrash: 0, Is64bit: 1, IsPro: 0

 COMMAND LINE ARGUMENTS:
D:\Unity\2021.1.0b12\Editor\Unity.exe
-adb2
-batchMode
-noUpm
-name
AssetImportWorker0
-projectPath
D:/Unity Games/LudumDareApril2021/LudumDareApril2021
-logFile
Logs/AssetImportWorker0.log
-srvPort
59414
Successfully changed project path to: D:/Unity Games/LudumDareApril2021/LudumDareApril2021
D:/Unity Games/LudumDareApril2021/LudumDareApril2021
Using Asset Import Pipeline V2.
Refreshing native plugins compatible for Editor in 29.45 ms, found 1 plugins.
Preloading 0 native plugins for Editor in 0.00 ms.
Initialize engine version: 2021.1.0b12 (5f97ac28ace0)
[Subsystems] Discovering subsystems at path D:/Unity/2021.1.0b12/Editor/Data/Resources/UnitySubsystems
[Subsystems] Discovering subsystems at path D:/Unity Games/LudumDareApril2021/LudumDareApril2021/Assets
GfxDevice: creating device client; threaded=0; jobified=0
Direct3D:
    Version:  Direct3D 11.0 [level 11.1]
    Renderer: AMD Radeon RX 6800 XT (ID=0x73bf)
    Vendor:   ATI
    VRAM:     16339 MB
    Driver:   27.20.14501.28009
Initialize mono
Mono path[0] = 'D:/Unity/2021.1.0b12/Editor/Data/Managed'
Mono path[1] = 'D:/Unity/2021.1.0b12/Editor/Data/MonoBleedingEdge/lib/mono/unityjit'
Mono config path = 'D:/Unity/2021.1.0b12/Editor/Data/MonoBleedingEdge/etc'
Using monoOptions --debugger-agent=transport=dt_socket,embedding=1,server=y,suspend=n,address=127.0.0.1:56136
Begin MonoManager ReloadAssembly
Registering precompiled unity dll's ...
Register platform support module: D:/Unity/2021.1.0b12/Editor/Data/PlaybackEngines/WebGLSupport/UnityEditor.WebGL.Extensions.dll
Register platform support module: D:/Unity/2021.1.0b12/Editor/Data/PlaybackEngines/MacStandaloneSupport/UnityEditor.OSXStandalone.Extensions.dll
Register platform support module: D:/Unity/2021.1.0b12/Editor/Data/PlaybackEngines/WindowsStandaloneSupport/UnityEditor.WindowsStandalone.Extensions.dll
Register platform support module: D:/Unity/2021.1.0b12/Editor/Data/PlaybackEngines/LinuxStandaloneSupport/UnityEditor.LinuxStandalone.Extensions.dll
Registered in 0.001417 seconds.
Native extension for LinuxStandalone target not found
Native extension for WindowsStandalone target not found
Native extension for OSXStandalone target not found
Native extension for WebGL target not found
Refreshing native plugins compatible for Editor in 29.51 ms, found 1 plugins.
Preloading 0 native plugins for Editor in 0.00 ms.
Mono: successfully reloaded assembly
- Completed reload, in  1.749 seconds
Platform modules already initialized, skipping
Registering precompiled user dll's ...
Registered in 0.000871 seconds.
Begin MonoManager ReloadAssembly
Native extension for LinuxStandalone target not found
Native extension for WindowsStandalone target not found
Native extension for OSXStandalone target not found
Native extension for WebGL target not found
Refreshing native plugins compatible for Editor in 28.86 ms, found 1 plugins.
Preloading 0 native plugins for Editor in 0.00 ms.
Mono: successfully reloaded assembly
- Completed reload, in  0.933 seconds
Platform modules already initialized, skipping
========================================================================
Worker process is ready to serve import requests
Launched and connected shader compiler UnityShaderCompiler.exe after 0.05 seconds
Refreshing native plugins compatible for Editor in 0.34 ms, found 1 plugins.
Preloading 0 native plugins for Editor in 0.00 ms.
Unloading 1825 Unused Serialized files (Serialized files now loaded: 0)
System memory in use before: 86.5 MB.
System memory in use after: 86.6 MB.

Unloading 19 unused Assets to reduce memory usage. Loaded Objects now: 2286.
Total: 2.041391 ms (FindLiveObjects: 0.128229 ms CreateObjectMapping: 0.060483 ms MarkObjects: 1.795899 ms  DeleteObjects: 0.044000 ms)

========================================================================
Received Import Request.
  path: Assets/LWRP
  artifactKey: Guid(9e9b3d95086b4a649949d91764cc0ff1) Importer(815301076,1909f56bfc062723c751e8b465ee728b)
Start importing Assets/LWRP using Guid(9e9b3d95086b4a649949d91764cc0ff1) Importer(815301076,1909f56bfc062723c751e8b465ee728b)  -> (artifact id: 'ef0b5ba520dd875bed1e5b1a84dbec48') in 0.008032 seconds 
========================================================================
Received Prepare
Registering precompiled user dll's ...
Registered in 0.002385 seconds.
Begin MonoManager ReloadAssembly
Native extension for LinuxStandalone target not found
Native extension for WindowsStandalone target not found
Native extension for OSXStandalone target not found
Native extension for WebGL target not found
Refreshing native plugins compatible for Editor in 65.49 ms, found 1 plugins.
Preloading 0 native plugins for Editor in 0.00 ms.
Mono: successfully reloaded assembly
- Completed reload, in  1.334 seconds
Platform modules already initialized, skipping
Shader 'Universal Render Pipeline/Nature/SpeedTree7': dependency 'BillboardShader' shader 'Universal Render Pipeline/Nature/SpeedTree7 Billboard' not found
Shader 'Universal Render Pipeline/Baked Lit': fallback shader 'Universal Render Pipeline/Unlit' not found
Shader 'Universal Render Pipeline/Simple Lit': fallback shader 'Hidden/Universal Render Pipeline/FallbackError' not found
Shader 'Universal Render Pipeline/Terrain/Lit': fallback shader 'Hidden/Universal Render Pipeline/FallbackError' not found
Shader 'Universal Render Pipeline/Terrain/Lit': dependency 'AddPassShader' shader 'Hidden/Universal Render Pipeline/Terrain/Lit (Add Pass)' not found
Shader 'Universal Render Pipeline/Terrain/Lit': dependency 'BaseMapShader' shader 'Hidden/Universal Render Pipeline/Terrain/Lit (Base Pass)' not found
Shader 'Universal Render Pipeline/Terrain/Lit': dependency 'BaseMapGenShader' shader 'Hidden/Universal Render Pipeline/Terrain/Lit (Basemap Gen)' not found
Shader 'Hidden/Universal Render Pipeline/Terrain/Lit (Add Pass)': fallback shader 'Hidden/Universal Render Pipeline/FallbackError' not found
Shader 'Hidden/Universal Render Pipeline/Terrain/Lit (Base Pass)': fallback shader 'Hidden/Universal Render Pipeline/FallbackError' not found
Shader 'Universal Render Pipeline/Particles/Lit': fallback shader 'Universal Render Pipeline/Particles/SimpleLit' not found
Shader 'Universal Render Pipeline/Particles/Lit': fallback shader 'Universal Render Pipeline/Particles/SimpleLit' not found
Refreshing native plugins compatible for Editor in 0.48 ms, found 1 plugins.
Preloading 0 native plugins for Editor in 0.00 ms.
Unloading 2922 Unused Serialized files (Serialized files now loaded: 0)
System memory in use before: 124.8 MB.
System memory in use after: 121.4 MB.

Unloading 64 unused Assets to reduce memory usage. Loaded Objects now: 3340.
Total: 3.222337 ms (FindLiveObjects: 0.214273 ms CreateObjectMapping: 0.082273 ms MarkObjects: 1.828165 ms  DeleteObjects: 1.091480 ms)

========================================================================
Received Prepare
Registering precompiled user dll's ...
Registered in 0.000833 seconds.
Begin MonoManager ReloadAssembly
Native extension for LinuxStandalone target not found
Native extension for WindowsStandalone target not found
Native extension for OSXStandalone target not found
Native extension for WebGL target not found
Refreshing native plugins compatible for Editor in 0.60 ms, found 1 plugins.
Preloading 0 native plugins for Editor in 0.00 ms.
Mono: successfully reloaded assembly
- Completed reload, in  0.928 seconds
Platform modules already initialized, skipping
Shader 'Universal Render Pipeline/Particles/Lit': fallback shader 'Universal Render Pipeline/Particles/SimpleLit' not found
Shader 'Universal Render Pipeline/Particles/Lit': fallback shader 'Universal Render Pipeline/Particles/SimpleLit' not found
Refreshing native plugins compatible for Editor in 0.40 ms, found 1 plugins.
Preloading 0 native plugins for Editor in 0.00 ms.
Unloading 2924 Unused Serialized files (Serialized files now loaded: 0)
System memory in use before: 125.3 MB.
System memory in use after: 121.9 MB.

Unloading 64 unused Assets to reduce memory usage. Loaded Objects now: 3345.
Total: 3.735321 ms (FindLiveObjects: 0.195486 ms CreateObjectMapping: 0.073333 ms MarkObjects: 2.258108 ms  DeleteObjects: 1.202667 ms)

========================================================================
Received Prepare
Registering precompiled user dll's ...
Registered in 0.002818 seconds.
Begin MonoManager ReloadAssembly
Native extension for LinuxStandalone target not found
Native extension for WindowsStandalone target not found
Native extension for OSXStandalone target not found
Native extension for WebGL target not found
Refreshing native plugins compatible for Editor in 0.64 ms, found 1 plugins.
Preloading 0 native plugins for Editor in 0.00 ms.
Mono: successfully reloaded assembly
- Completed reload, in  0.932 seconds
Platform modules already initialized, skipping
Shader 'Universal Render Pipeline/Particles/Lit': fallback shader 'Universal Render Pipeline/Particles/SimpleLit' not found
Shader 'Universal Render Pipeline/Particles/Lit': fallback shader 'Universal Render Pipeline/Particles/SimpleLit' not found
Refreshing native plugins compatible for Editor in 0.57 ms, found 1 plugins.
Preloading 0 native plugins for Editor in 0.00 ms.
Unloading 2946 Unused Serialized files (Serialized files now loaded: 0)
System memory in use before: 128.2 MB.
System memory in use after: 124.8 MB.

Unloading 71 unused Assets to reduce memory usage. Loaded Objects now: 3378.
Total: 3.844134 ms (FindLiveObjects: 0.269727 ms CreateObjectMapping: 0.073333 ms MarkObjects: 2.155511 ms  DeleteObjects: 1.338438 ms)

========================================================================
Received Prepare
Registering precompiled user dll's ...
Registered in 0.002602 seconds.
Begin MonoManager ReloadAssembly
Native extension for LinuxStandalone target not found
Native extension for WindowsStandalone target not found
Native extension for OSXStandalone target not found
Native extension for WebGL target not found
Refreshing native plugins compatible for Editor in 0.57 ms, found 1 plugins.
Preloading 0 native plugins for Editor in 0.00 ms.
Mono: successfully reloaded assembly
- Completed reload, in  0.938 seconds
Platform modules already initialized, skipping
Shader 'Universal Render Pipeline/Particles/Lit': fallback shader 'Universal Render Pipeline/Particles/SimpleLit' not found
Shader 'Universal Render Pipeline/Particles/Lit': fallback shader 'Universal Render Pipeline/Particles/SimpleLit' not found
Refreshing native plugins compatible for Editor in 0.59 ms, found 1 plugins.
Preloading 0 native plugins for Editor in 0.00 ms.
Unloading 2945 Unused Serialized files (Serialized files now loaded: 0)
System memory in use before: 128.1 MB.
System memory in use after: 124.7 MB.

Unloading 70 unused Assets to reduce memory usage. Loaded Objects now: 3381.
Total: 3.671905 ms (FindLiveObjects: 0.239835 ms CreateObjectMapping: 0.086533 ms MarkObjects: 2.062762 ms  DeleteObjects: 1.276000 ms)

========================================================================
Received Prepare
Registering precompiled user dll's ...
Registered in 0.002808 seconds.
Begin MonoManager ReloadAssembly
Native extension for LinuxStandalone target not found
Native extension for WindowsStandalone target not found
Native extension for OSXStandalone target not found
Native extension for WebGL target not found
Refreshing native plugins compatible for Editor in 0.63 ms, found 1 plugins.
Preloading 0 native plugins for Editor in 0.00 ms.
Mono: successfully reloaded assembly
- Completed reload, in  0.947 seconds
Platform modules already initialized, skipping
Shader 'Universal Render Pipeline/Particles/Lit': fallback shader 'Universal Render Pipeline/Particles/SimpleLit' not found
Shader 'Universal Render Pipeline/Particles/Lit': fallback shader 'Universal Render Pipeline/Particles/SimpleLit' not found
Refreshing native plugins compatible for Editor in 0.55 ms, found 1 plugins.
Preloading 0 native plugins for Editor in 0.00 ms.
Unloading 2956 Unused Serialized files (Serialized files now loaded: 0)
System memory in use before: 128.5 MB.
System memory in use after: 125.1 MB.

Unloading 70 unused Assets to reduce memory usage. Loaded Objects now: 3395.
Total: 3.279258 ms (FindLiveObjects: 0.218184 ms CreateObjectMapping: 0.076616 ms MarkObjects: 1.804978 ms  DeleteObjects: 1.173822 ms)

========================================================================
Received Import Request.
  Time since last request: 1080.124312 seconds.
  path: Assets/LWRP/New 2D Renderer Data.asset
  artifactKey: Guid(3cc524d574c06ee4193b74434d9f365f) Importer(815301076,1909f56bfc062723c751e8b465ee728b)
Start importing Assets/LWRP/New 2D Renderer Data.asset using Guid(3cc524d574c06ee4193b74434d9f365f) Importer(815301076,1909f56bfc062723c751e8b465ee728b)  -> (artifact id: 'c4eb9c1ac495d0f92a787aaa2512c9d6') in 0.059895 seconds 
========================================================================
Received Import Request.
  Time since last request: 10.667512 seconds.
  path: Assets/LWRP/UniversalRenderPipelineAsset.asset
  artifactKey: Guid(e5ca3b0fde4213f46a3625923efbf994) Importer(815301076,1909f56bfc062723c751e8b465ee728b)
Start importing Assets/LWRP/UniversalRenderPipelineAsset.asset using Guid(e5ca3b0fde4213f46a3625923efbf994) Importer(815301076,1909f56bfc062723c751e8b465ee728b)  -> (artifact id: '6924253ee2b9e010e9c5ec11c3ad9fb5') in 0.008648 seconds 
========================================================================
Received Import Request.
  Time since last request: 0.000115 seconds.
  path: Assets/LWRP/UniversalRenderPipelineAsset_Renderer.asset
  artifactKey: Guid(2525cac3f4b2469498c50214e33cf3e4) Importer(815301076,1909f56bfc062723c751e8b465ee728b)
Start importing Assets/LWRP/UniversalRenderPipelineAsset_Renderer.asset using Guid(2525cac3f4b2469498c50214e33cf3e4) Importer(815301076,1909f56bfc062723c751e8b465ee728b)  -> (artifact id: 'd039cf8593856c2d7dc13a6b899c085b') in 0.005823 seconds 
========================================================================
Received Prepare
Registering precompiled user dll's ...
Registered in 0.002530 seconds.
Begin MonoManager ReloadAssembly
Native extension for LinuxStandalone target not found
Native extension for WindowsStandalone target not found
Native extension for OSXStandalone target not found
Native extension for WebGL target not found
Refreshing native plugins compatible for Editor in 0.62 ms, found 1 plugins.
Preloading 0 native plugins for Editor in 0.00 ms.
Mono: successfully reloaded assembly
- Completed reload, in  0.925 seconds
Platform modules already initialized, skipping
Shader 'Universal Render Pipeline/Particles/Lit': fallback shader 'Universal Render Pipeline/Particles/SimpleLit' not found
Shader 'Universal Render Pipeline/Particles/Lit': fallback shader 'Universal Render Pipeline/Particles/SimpleLit' not found
Refreshing native plugins compatible for Editor in 0.56 ms, found 1 plugins.
Preloading 0 native plugins for Editor in 0.00 ms.
Unloading 2964 Unused Serialized files (Serialized files now loaded: 0)
System memory in use before: 128.8 MB.
System memory in use after: 125.4 MB.

Unloading 70 unused Assets to reduce memory usage. Loaded Objects now: 3406.
Total: 3.441988 ms (FindLiveObjects: 0.217556 ms CreateObjectMapping: 0.107835 ms MarkObjects: 1.979022 ms  DeleteObjects: 1.130800 ms)

========================================================================
Received Prepare
Switching render pipeline 00000000000000000000000000000000 -> e5ca3b0fde4213f46a3625923efbf994
Shader 'Universal Render Pipeline/Particles/Lit': fallback shader 'Universal Render Pipeline/Particles/SimpleLit' not found
Shader 'Universal Render Pipeline/Particles/Lit': fallback shader 'Universal Render Pipeline/Particles/SimpleLit' not found
Refreshing native plugins compatible for Editor in 2.61 ms, found 1 plugins.
Preloading 0 native plugins for Editor in 0.00 ms.
Unloading 69 Unused Serialized files (Serialized files now loaded: 0)
System memory in use before: 71.6 MB.
System memory in use after: 68.2 MB.

Unloading 67 unused Assets to reduce memory usage. Loaded Objects now: 3408.
Total: 3.370540 ms (FindLiveObjects: 0.231314 ms CreateObjectMapping: 0.109302 ms MarkObjects: 1.788426 ms  DeleteObjects: 1.235353 ms)

========================================================================
Received Import Request.
  Time since last request: 67.310721 seconds.
  path: Assets/LWRP/UniversalRenderPipelineAsset.asset
  artifactKey: Guid(e5ca3b0fde4213f46a3625923efbf994) Importer(815301076,1909f56bfc062723c751e8b465ee728b)
Start importing Assets/LWRP/UniversalRenderPipelineAsset.asset using Guid(e5ca3b0fde4213f46a3625923efbf994) Importer(815301076,1909f56bfc062723c751e8b465ee728b)  -> (artifact id: '29577599379367a53b2bc66caaed2bfb') in 0.012738 seconds 
========================================================================
Received Import Request.
  Time since last request: 0.000129 seconds.
  path: Assets/LWRP/UniversalRenderPipelineAsset_Renderer.asset
  artifactKey: Guid(2525cac3f4b2469498c50214e33cf3e4) Importer(815301076,1909f56bfc062723c751e8b465ee728b)
Start importing Assets/LWRP/UniversalRenderPipelineAsset_Renderer.asset using Guid(2525cac3f4b2469498c50214e33cf3e4) Importer(815301076,1909f56bfc062723c751e8b465ee728b)  -> (artifact id: 'f397cbb2b8c2fcbee8d12bb1efca2604') in 0.002273 seconds 
========================================================================
Received Import Request.
  Time since last request: 118.679651 seconds.
  path: Assets/LWRP/UniversalRenderPipelineAsset_Renderer.asset
  artifactKey: Guid(2525cac3f4b2469498c50214e33cf3e4) Importer(815301076,1909f56bfc062723c751e8b465ee728b)
Start importing Assets/LWRP/UniversalRenderPipelineAsset_Renderer.asset using Guid(2525cac3f4b2469498c50214e33cf3e4) Importer(815301076,1909f56bfc062723c751e8b465ee728b)  -> (artifact id: 'e3c4dedd0b26a73cc07fd02c463045a4') in 0.007485 seconds 
========================================================================
Received Prepare
Registering precompiled user dll's ...
Registered in 0.002527 seconds.
Begin MonoManager ReloadAssembly
Native extension for LinuxStandalone target not found
Native extension for WindowsStandalone target not found
Native extension for OSXStandalone target not found
Native extension for WebGL target not found
Refreshing native plugins compatible for Editor in 0.68 ms, found 1 plugins.
Preloading 0 native plugins for Editor in 0.00 ms.
Mono: successfully reloaded assembly
- Completed reload, in  0.944 seconds
Platform modules already initialized, skipping
Shader 'Universal Render Pipeline/Particles/Lit': fallback shader 'Universal Render Pipeline/Particles/SimpleLit' not found
Shader 'Universal Render Pipeline/Particles/Lit': fallback shader 'Universal Render Pipeline/Particles/SimpleLit' not found
Refreshing native plugins compatible for Editor in 0.54 ms, found 1 plugins.
Preloading 0 native plugins for Editor in 0.00 ms.
Unloading 2968 Unused Serialized files (Serialized files now loaded: 0)
System memory in use before: 130.1 MB.
System memory in use after: 126.9 MB.

Unloading 62 unused Assets to reduce memory usage. Loaded Objects now: 3424.
Total: 4.224001 ms (FindLiveObjects: 0.224330 ms CreateObjectMapping: 0.100292 ms MarkObjects: 2.309791 ms  DeleteObjects: 1.583092 ms)

========================================================================
Received Import Request.
  Time since last request: 1889.863736 seconds.
  path: ProjectSettings/TagManager.asset
  artifactKey: Guid(00000000000000003000000000000000) Importer(815301076,1909f56bfc062723c751e8b465ee728b)
Start importing ProjectSettings/TagManager.asset using Guid(00000000000000003000000000000000) Importer(815301076,1909f56bfc062723c751e8b465ee728b)  -> (artifact id: 'ae6bf49eec3ceec71f62d18497ecdf9e') in 0.015742 seconds 
========================================================================
Received Prepare
Registering precompiled user dll's ...
Registered in 0.002666 seconds.
Begin MonoManager ReloadAssembly
Native extension for LinuxStandalone target not found
Native extension for WindowsStandalone target not found
Native extension for OSXStandalone target not found
Native extension for WebGL target not found
Refreshing native plugins compatible for Editor in 0.65 ms, found 1 plugins.
Preloading 0 native plugins for Editor in 0.00 ms.
Mono: successfully reloaded assembly
- Completed reload, in  0.932 seconds
Platform modules already initialized, skipping
Shader 'Universal Render Pipeline/Particles/Lit': fallback shader 'Universal Render Pipeline/Particles/SimpleLit' not found
Shader 'Universal Render Pipeline/Particles/Lit': fallback shader 'Universal Render Pipeline/Particles/SimpleLit' not found
Refreshing native plugins compatible for Editor in 0.54 ms, found 1 plugins.
Preloading 0 native plugins for Editor in 0.00 ms.
Unloading 2954 Unused Serialized files (Serialized files now loaded: 0)
System memory in use before: 129.2 MB.
System memory in use after: 126.1 MB.

Unloading 61 unused Assets to reduce memory usage. Loaded Objects now: 3427.
Total: 3.270178 ms (FindLiveObjects: 0.219930 ms CreateObjectMapping: 0.075289 ms MarkObjects: 1.836616 ms  DeleteObjects: 1.133105 ms)

========================================================================
Received Prepare
Registering precompiled user dll's ...
Registered in 0.002747 seconds.
Begin MonoManager ReloadAssembly
Native extension for LinuxStandalone target not found
Native extension for WindowsStandalone target not found
Native extension for OSXStandalone target not found
Native extension for WebGL target not found
Refreshing native plugins compatible for Editor in 0.59 ms, found 1 plugins.
Preloading 0 native plugins for Editor in 0.00 ms.
Mono: successfully reloaded assembly
- Completed reload, in  0.938 seconds
Platform modules already initialized, skipping
Shader 'Universal Render Pipeline/Particles/Lit': fallback shader 'Universal Render Pipeline/Particles/SimpleLit' not found
Shader 'Universal Render Pipeline/Particles/Lit': fallback shader 'Universal Render Pipeline/Particles/SimpleLit' not found
Refreshing native plugins compatible for Editor in 0.62 ms, found 1 plugins.
Preloading 0 native plugins for Editor in 0.00 ms.
Unloading 2954 Unused Serialized files (Serialized files now loaded: 0)
System memory in use before: 129.2 MB.
System memory in use after: 126.1 MB.

Unloading 60 unused Assets to reduce memory usage. Loaded Objects now: 3430.
Total: 3.665270 ms (FindLiveObjects: 0.227124 ms CreateObjectMapping: 0.068165 ms MarkObjects: 2.148527 ms  DeleteObjects: 1.215448 ms)

